kotlin/outputs/mapping/release/seeds.txt
com.google.android.material.floatingactionbutton.ExtendedFloatingActionButton$ExtendedFloatingActionButtonBehavior: ExtendedFloatingActionButton$ExtendedFloatingActionButtonBehavior()
org.chromium.support_lib_boundary.ProfileStoreBoundaryInterface: boolean deleteProfile(java.lang.String)
androidx.constraintlayout.helper.widget.Flow: void setHorizontalStyle(int)
androidx.constraintlayout.widget.VirtualLayout: void setElevation(float)
com.google.android.material.textfield.TextInputLayout: int getBoxStrokeWidth()
androidx.appcompat.widget.AppCompatEditText: android.view.ActionMode$Callback getCustomSelectionActionModeCallback()
androidx.core.app.AppOpsManagerCompat$Api23Impl: int noteProxyOpNoThrow(android.app.AppOpsManager,java.lang.String,java.lang.String)
com.google.android.gms.internal.ads.zzchv: void setOnTouchListener(android.view.View$OnTouchListener)
androidx.constraintlayout.widget.VirtualLayout: void setVisibility(int)
androidx.core.content.res.ResourcesCompat$Api21Impl: android.graphics.drawable.Drawable getDrawable(android.content.res.Resources,int,android.content.res.Resources$Theme)
org.chromium.support_lib_boundary.WebViewProviderFactoryBoundaryInterface: java.lang.reflect.InvocationHandler getStatics()
androidx.appcompat.widget.ActionBarOverlayLayout: void setWindowCallback(android.view.Window$Callback)
androidx.appcompat.widget.AppCompatToggleButton: void setSupportCompoundDrawablesTintList(android.content.res.ColorStateList)
com.google.android.material.textfield.TextInputLayout: android.graphics.drawable.Drawable getPasswordVisibilityToggleDrawable()
androidx.appcompat.widget.AppCompatCheckedTextView: android.graphics.PorterDuff$Mode getSupportCompoundDrawablesTintMode()
androidx.appcompat.widget.AppCompatTextHelper$Api26Impl: int getAutoSizeStepGranularity(android.widget.TextView)
com.google.android.gms.internal.ads.zzhgf: com.google.android.gms.internal.ads.zzhgf[] values()
androidx.core.view.DisplayCutoutCompat$Api28Impl: int getSafeInsetTop(android.view.DisplayCutout)
com.google.android.material.floatingactionbutton.FloatingActionButton$BaseBehavior: FloatingActionButton$BaseBehavior(android.content.Context,android.util.AttributeSet)
com.google.android.material.carousel.CarouselLayoutManager: CarouselLayoutManager(android.content.Context,android.util.AttributeSet,int,int)
com.google.android.material.internal.NavigationMenuItemView: void setActionView(android.view.View)
com.google.android.material.chip.Chip: void setTextEndPadding(float)
androidx.vectordrawable.graphics.drawable.VectorDrawableCompat$VGroup: float getScaleY()
com.google.android.material.button.MaterialButton: int getIconPadding()
com.google.android.material.chip.Chip: void setBackground(android.graphics.drawable.Drawable)
com.google.android.material.chip.Chip: void setChipIconEnabled(boolean)
androidx.appcompat.widget.AppCompatAutoCompleteTextView: void setCustomSelectionActionModeCallback(android.view.ActionMode$Callback)
com.google.android.material.textfield.TextInputLayout: void setEndIconCheckable(boolean)
com.google.android.gms.internal.ads.zzhq: boolean zzb(java.lang.Throwable)
com.google.android.gms.ads.mediation.MediationBannerAdapter: void onResume()
androidx.core.view.WindowInsetsCompat$Impl: void setOverriddenInsets(androidx.core.graphics.Insets[])
com.google.ads.mediation.AbstractAdViewAdapter: void onImmersiveModeUpdated(boolean)
com.google.android.gms.internal.ads.zzauj: com.google.android.gms.internal.ads.zzauj[] values()
com.google.android.material.textfield.TextInputLayout: com.google.android.material.shape.ShapeAppearanceModel getShapeAppearanceModel()
com.google.android.material.textfield.TextInputLayout: void setBoxBackgroundColor(int)
androidx.appcompat.widget.AppCompatRadioButton: void setEmojiCompatEnabled(boolean)
androidx.appcompat.widget.AppCompatCheckBox: void setButtonDrawable(android.graphics.drawable.Drawable)