kotlin/outputs/mapping/release/usage.txt
com.google.android.gms.internal.ads.zzekf:
    public static com.google.android.gms.internal.ads.zzdlo zzc()
    public static com.google.common.util.concurrent.ListenableFuture zzd()
    public static com.google.common.util.concurrent.ListenableFuture zze()
    public static synthetic com.google.common.util.concurrent.ListenableFuture zzf()
com.google.android.gms.internal.ads.zzekg:
    public final com.google.android.gms.internal.ads.zzhky zzb
com.google.android.gms.internal.ads.zzekj
com.google.android.gms.internal.ads.zzekk:
    public final void zze(java.lang.String)
    public final void zzg$6()
com.google.android.gms.internal.ads.zzekp:
    public final synchronized com.google.common.util.concurrent.ListenableFuture zzd()
com.google.android.gms.internal.ads.zzekr:
    public final com.google.android.gms.internal.ads.zzhky zza
com.google.android.gms.internal.ads.zzeku:
    public static android.os.Bundle zzd(android.os.Bundle)
com.google.android.gms.internal.ads.zzelf:
    public final synchronized void zzj()
    public final synchronized boolean zzq()
com.google.android.gms.internal.ads.zzeli:
    public final com.google.android.gms.internal.ads.zzelh zza()
com.google.android.gms.internal.ads.zzelm:
    public static com.google.common.util.concurrent.ListenableFuture zzb()
com.google.android.gms.internal.ads.zzeln:
    public final com.google.android.gms.internal.ads.zzhky zzh
com.google.android.gms.internal.ads.zzelo:
    public static com.google.android.gms.internal.ads.zzelf zza()
com.google.android.gms.internal.ads.zzelq
com.google.android.gms.internal.ads.zzelu
com.google.android.gms.internal.ads.zzelv:
    public final void zze(java.lang.String)
    public final void zzg()
com.google.android.gms.internal.ads.zzelx:
    public final com.google.android.gms.internal.ads.zzelw zza()
com.google.android.gms.internal.ads.zzeme:
    public final synthetic com.google.android.gms.internal.ads.zzemi zza
com.google.android.gms.internal.ads.zzemi:
    public final com.google.common.util.concurrent.ListenableFuture zzc()
com.google.android.gms.internal.ads.zzemj:
    public final com.google.android.gms.internal.ads.zzhky zzg
com.google.android.gms.internal.ads.zzemw:
    public final synthetic com.google.android.gms.internal.ads.zzemx zzd
com.google.android.gms.internal.ads.zzemx:
    public static synthetic java.lang.Object zzc()
    public static synthetic void zzd$1()
    public static final java.lang.String zze(java.lang.String,int)
com.google.android.gms.internal.ads.zzen:
    public static android.os.Bundle zza()
com.google.android.gms.internal.ads.zzene:
    public final synthetic void zzc()
com.google.android.gms.internal.ads.zzenf
com.google.android.gms.internal.ads.zzenj:
    public final synthetic void zzc()
com.google.android.gms.internal.ads.zzenl:
    public static com.google.android.gms.internal.ads.zzbfk zza()
com.google.android.gms.internal.ads.zzenm:
    public static com.google.android.gms.internal.ads.zzbfk zza()
com.google.android.gms.internal.ads.zzenn:
    public static com.google.android.gms.internal.ads.zzenl zza()
com.google.android.gms.internal.ads.zzeno:
    public final synchronized void zzd(com.google.android.gms.ads.internal.zzg)
com.google.android.gms.internal.ads.zzens:
    public static java.lang.Object zza()
com.google.android.gms.internal.ads.zzent:
    public final com.google.android.gms.internal.ads.zzens zza()
com.google.android.gms.internal.ads.zzenu:
    public final com.google.android.gms.internal.ads.zzbte zza(java.lang.String)
    public static void zzb()
com.google.android.gms.internal.ads.zzeny:
    public static void zze()
    public static synthetic void zzf()
    public final synchronized void zzj()
com.google.android.gms.internal.ads.zzenz:
    public final com.google.android.gms.internal.ads.zzhky zza
com.google.android.gms.internal.ads.zzeoa:
    public final java.lang.String zzb